# JRE version: Java(TM) SE Runtime Environment 18.9 (11.0.12+8) (build 11.0.12+8-LTS-237)
# Java VM: Java HotSpot(TM) 64-Bit Server VM 18.9 (11.0.12+8-LTS-237, mixed mode, tiered, compressed oops, g1 gc, windows-amd64)
Heap:
 garbage-first heap   total 258048K, used 52559K [0x0000000704400000, 0x0000000800000000)
  region size 1024K, 42 young (43008K), 5 survivors (5120K)
 Metaspace       used 34211K, capacity 35202K, committed 35376K, reserved 1081344K
  class space    used 4006K, capacity 4407K, committed 4480K, reserved 1048576K
GC Heap History (6 events):
Event: 0.931 GC heap before
{Heap before GC invocations=0 (full 0):
 garbage-first heap   total 258048K, used 23552K [0x0000000704400000, 0x0000000800000000)
  region size 1024K, 24 young (24576K), 0 survivors (0K)
 Metaspace       used 12227K, capacity 12557K, committed 12672K, reserved 1060864K
  class space    used 1223K, capacity 1340K, committed 1408K, reserved 1048576K
}
Event: 0.935 GC heap after
{Heap after GC invocations=1 (full 0):
 garbage-first heap   total 258048K, used 5318K [0x0000000704400000, 0x0000000800000000)
  region size 1024K, 3 young (3072K), 3 survivors (3072K)
 Metaspace       used 12227K, capacity 12557K, committed 12672K, reserved 1060864K
  class space    used 1223K, capacity 1340K, committed 1408K, reserved 1048576K
}
Event: 1.668 GC heap before
{Heap before GC invocations=1 (full 0):
 garbage-first heap   total 258048K, used 32966K [0x0000000704400000, 0x0000000800000000)
  region size 1024K, 31 young (31744K), 3 survivors (3072K)
 Metaspace       used 20598K, capacity 21186K, committed 21296K, reserved 1069056K
  class space    used 2231K, capacity 2432K, committed 2432K, reserved 1048576K
}
Event: 1.673 GC heap after
{Heap after GC invocations=2 (full 0):
 garbage-first heap   total 258048K, used 7768K [0x0000000704400000, 0x0000000800000000)
  region size 1024K, 6 young (6144K), 6 survivors (6144K)
 Metaspace       used 20598K, capacity 21186K, committed 21296K, reserved 1069056K
  class space    used 2231K, capacity 2432K, committed 2432K, reserved 1048576K
}
Event: 2.260 GC heap before
{Heap before GC invocations=3 (full 0):
 garbage-first heap   total 258048K, used 42584K [0x0000000704400000, 0x0000000800000000)
  region size 1024K, 40 young (40960K), 6 survivors (6144K)
 Metaspace       used 27974K, capacity 28736K, committed 28976K, reserved 1075200K
  class space    used 3123K, capacity 3416K, committed 3456K, reserved 1048576K
}
Event: 2.267 GC heap after
{Heap after GC invocations=4 (full 0):
 garbage-first heap   total 258048K, used 10575K [0x0000000704400000, 0x0000000800000000)
  region size 1024K, 5 young (5120K), 5 survivors (5120K)
 Metaspace       used 27974K, capacity 28736K, committed 28976K, reserved 1075200K
  class space    used 3123K, capacity 3416K, committed 3456K, reserved 1048576K
}

